<?xml version="1.0" encoding="UTF-8"?>
<!-- Generated by org.testng.reporters.JUnitXMLReporter -->
<testsuite hostname="DESKTOP-6D3FG3E" ignored="0" name="Test" tests="5" failures="0" timestamp="2021-05-20T11:21:00 CEST" time="32.989" errors="0">
  <testcase name="launchURL" time="6.111" classname="com.qa.testcases.InnosabiPageTest"/>
  <testcase name="loginIntoInnosabiSparkPortal" time="1.933" classname="com.qa.testcases.InnosabiPageTest"/>
  <testcase name="verifyinnovationChallengeLink" time="1.888" classname="com.qa.testcases.InnosabiPageTest"/>
  <testcase name="fillInnovativeIdeaAndSubmitDetails" time="14.877" classname="com.qa.testcases.InnosabiPageTest"/>
  <testcase name="verifyItemsInCart" time="4.573" classname="com.qa.testcases.InnosabiPageTest"/>
</testsuite> <!-- Test -->
