<?xml version="1.0" encoding="UTF-8"?>
<testng-results skipped="0" failed="0" ignored="0" total="5" passed="5">
  <reporter-output>
  </reporter-output>
  <suite name="Suite" duration-ms="32989" started-at="2021-05-20T11:20:27 CEST" finished-at="2021-05-20T11:21:00 CEST">
    <groups>
    </groups>
    <test name="Test" duration-ms="32989" started-at="2021-05-20T11:20:27 CEST" finished-at="2021-05-20T11:21:00 CEST">
      <class name="com.qa.testcases.InnosabiPageTest">
        <test-method status="PASS" signature="basicSetUp()[pri:0, instance:com.qa.testcases.InnosabiPageTest@3aeaafa6]" name="basicSetUp" is-config="true" duration-ms="1477" started-at="2021-05-20T11:20:27 CEST" finished-at="2021-05-20T11:20:29 CEST">
          <reporter-output>
          </reporter-output>
        </test-method> <!-- basicSetUp -->
        <test-method status="PASS" signature="launchURL()[pri:1, instance:com.qa.testcases.InnosabiPageTest@3aeaafa6]" name="launchURL" duration-ms="6111" started-at="2021-05-20T11:20:29 CEST" finished-at="2021-05-20T11:20:35 CEST">
          <reporter-output>
          </reporter-output>
        </test-method> <!-- launchURL -->
        <test-method status="PASS" signature="loginIntoInnosabiSparkPortal(java.lang.String, java.lang.String)[pri:2, instance:com.qa.testcases.InnosabiPageTest@3aeaafa6]" name="loginIntoInnosabiSparkPortal" duration-ms="1933" started-at="2021-05-20T11:20:36 CEST" data-provider="passSheet" finished-at="2021-05-20T11:20:38 CEST">
          <params>
            <param index="0">
              <value>
                <![CDATA[shraddha.bhalsing@gmail.com]]>
              </value>
            </param>
            <param index="1">
              <value>
                <![CDATA[Testing@01]]>
              </value>
            </param>
          </params>
          <reporter-output>
          </reporter-output>
        </test-method> <!-- loginIntoInnosabiSparkPortal -->
        <test-method status="PASS" signature="verifyinnovationChallengeLink()[pri:3, instance:com.qa.testcases.InnosabiPageTest@3aeaafa6]" name="verifyinnovationChallengeLink" duration-ms="1888" started-at="2021-05-20T11:20:38 CEST" finished-at="2021-05-20T11:20:40 CEST">
          <reporter-output>
          </reporter-output>
        </test-method> <!-- verifyinnovationChallengeLink -->
        <test-method status="PASS" signature="fillInnovativeIdeaAndSubmitDetails(java.lang.String, java.lang.String)[pri:4, instance:com.qa.testcases.InnosabiPageTest@3aeaafa6]" name="fillInnovativeIdeaAndSubmitDetails" duration-ms="14877" started-at="2021-05-20T11:20:40 CEST" finished-at="2021-05-20T11:20:55 CEST">
          <params>
            <param index="0">
              <value>
                <![CDATA[Test4]]>
              </value>
            </param>
            <param index="1">
              <value>
                <![CDATA[MySecondInnovation1]]>
              </value>
            </param>
          </params>
          <reporter-output>
          </reporter-output>
        </test-method> <!-- fillInnovativeIdeaAndSubmitDetails -->
        <test-method status="PASS" signature="verifyItemsInCart(java.lang.String)[pri:5, instance:com.qa.testcases.InnosabiPageTest@3aeaafa6]" name="verifyItemsInCart" duration-ms="4573" started-at="2021-05-20T11:20:55 CEST" finished-at="2021-05-20T11:21:00 CEST">
          <params>
            <param index="0">
              <value>
                <![CDATA[Great Idea]]>
              </value>
            </param>
          </params>
          <reporter-output>
          </reporter-output>
        </test-method> <!-- verifyItemsInCart -->
        <test-method status="PASS" signature="closeBrowser()[pri:0, instance:com.qa.testcases.InnosabiPageTest@3aeaafa6]" name="closeBrowser" is-config="true" duration-ms="662" started-at="2021-05-20T11:21:00 CEST" finished-at="2021-05-20T11:21:00 CEST">
          <reporter-output>
          </reporter-output>
        </test-method> <!-- closeBrowser -->
      </class> <!-- com.qa.testcases.InnosabiPageTest -->
    </test> <!-- Test -->
  </suite> <!-- Suite -->
</testng-results>
